<?xml version="1.0" encoding="utf-8"?><testsuites name="pytest tests"><testsuite name="pytest" errors="0" failures="0" skipped="0" tests="13" time="2.684" timestamp="2026-04-09T06:54:37.302779+00:00" hostname="agent-env-49e2184c-3594-40fc-9e03-e13cf72c3363"><testcase classname="tests.test_backend_apis.TestProfile" name="test_get_profile_returns_defaults" time="0.255" /><testcase classname="tests.test_backend_apis.TestProfile" name="test_update_profile" time="0.103" /><testcase classname="tests.test_backend_apis.TestProfile" name="test_reset_profile" time="0.140" /><testcase classname="tests.test_backend_apis.TestInventory" name="test_add_inventory_item" time="0.216" /><testcase classname="tests.test_backend_apis.TestInventory" name="test_get_inventory_all" time="0.119" /><testcase classname="tests.test_backend_apis.TestInventory" name="test_get_inventory_filtered_by_location" time="0.300" /><testcase classname="tests.test_backend_apis.TestInventory" name="test_delete_inventory_item" time="0.176" /><testcase classname="tests.test_backend_apis.TestInventory" name="test_add_inventory_batch" time="0.225" /><testcase classname="tests.test_backend_apis.TestRequiredItems" name="test_add_required_item" time="0.180" /><testcase classname="tests.test_backend_apis.TestRequiredItems" name="test_get_required_items" time="0.196" /><testcase classname="tests.test_backend_apis.TestRequiredItems" name="test_delete_required_item" time="0.237" /><testcase classname="tests.test_backend_apis.TestPlan" name="test_get_current_plan_empty" time="0.105" /><testcase classname="tests.test_backend_apis.TestHistory" name="test_get_history" time="0.258" /></testsuite></testsuites>