<?xml version="1.0" encoding="utf-8"?><testsuites name="pytest tests"><testsuite name="pytest" errors="0" failures="1" skipped="0" tests="13" time="2.675" timestamp="2026-04-09T07:17:00.180415+00:00" hostname="agent-env-49e2184c-3594-40fc-9e03-e13cf72c3363"><testcase classname="tests.test_backend_apis.TestProfile" name="test_get_profile_returns_defaults" time="0.262"><failure message="AssertionError: Default adults should be 4&#10;assert 6 == 4">tests/test_backend_apis.py:31: in test_get_profile_returns_defaults
    assert data["adults"] == 4, "Default adults should be 4"
E   AssertionError: Default adults should be 4
E   assert 6 == 4</failure></testcase><testcase classname="tests.test_backend_apis.TestProfile" name="test_update_profile" time="0.106" /><testcase classname="tests.test_backend_apis.TestProfile" name="test_reset_profile" time="0.152" /><testcase classname="tests.test_backend_apis.TestInventory" name="test_add_inventory_item" time="0.255" /><testcase classname="tests.test_backend_apis.TestInventory" name="test_get_inventory_all" time="0.097" /><testcase classname="tests.test_backend_apis.TestInventory" name="test_get_inventory_filtered_by_location" time="0.306" /><testcase classname="tests.test_backend_apis.TestInventory" name="test_delete_inventory_item" time="0.197" /><testcase classname="tests.test_backend_apis.TestInventory" name="test_add_inventory_batch" time="0.199" /><testcase classname="tests.test_backend_apis.TestRequiredItems" name="test_add_required_item" time="0.188" /><testcase classname="tests.test_backend_apis.TestRequiredItems" name="test_get_required_items" time="0.106" /><testcase classname="tests.test_backend_apis.TestRequiredItems" name="test_delete_required_item" time="0.209" /><testcase classname="tests.test_backend_apis.TestPlan" name="test_get_current_plan_empty" time="0.145" /><testcase classname="tests.test_backend_apis.TestHistory" name="test_get_history" time="0.361" /></testsuite></testsuites>